<?xml version="1.0" encoding="UTF-8"?>
<testng-results ignored="0" total="1" passed="1" failed="0" skipped="0">
  <reporter-output>
  </reporter-output>
  <suite started-at="2025-08-08T12:53:53 IST" name="Suite" finished-at="2025-08-08T12:54:00 IST" duration-ms="7482">
    <groups>
    </groups>
    <test started-at="2025-08-08T12:53:53 IST" name="Test" finished-at="2025-08-08T12:54:00 IST" duration-ms="7482">
      <class name="tests.LogoutTest">
        <test-method is-config="true" signature="createReport()[pri:0, instance:tests.LogoutTest@247bddad]" started-at="2025-08-08T12:53:53 IST" name="createReport" finished-at="2025-08-08T12:53:53 IST" duration-ms="262" status="PASS">
          <reporter-output>
          </reporter-output>
        </test-method> <!-- createReport -->
        <test-method is-config="true" signature="setup()[pri:0, instance:tests.LogoutTest@247bddad]" started-at="2025-08-08T12:53:53 IST" name="setup" finished-at="2025-08-08T12:53:53 IST" duration-ms="2" status="PASS">
          <reporter-output>
          </reporter-output>
        </test-method> <!-- setup -->
        <test-method is-config="true" signature="testDeatils()[pri:0, instance:tests.LogoutTest@247bddad]" started-at="2025-08-08T12:53:53 IST" name="testDeatils" finished-at="2025-08-08T12:53:53 IST" duration-ms="10" status="PASS">
          <reporter-output>
          </reporter-output>
        </test-method> <!-- testDeatils -->
        <test-method is-config="true" signature="browserLaunchAndUrlLoad(java.lang.String,java.lang.String)[pri:0, instance:tests.LogoutTest@247bddad]" started-at="2025-08-08T12:53:53 IST" name="browserLaunchAndUrlLoad" finished-at="2025-08-08T12:53:57 IST" duration-ms="4175" status="PASS">
          <params>
            <param index="0">
              <value>
                <![CDATA[Chrome]]>
              </value>
            </param>
            <param index="1">
              <value>
                <![CDATA[https://www.demoblaze.com/]]>
              </value>
            </param>
          </params>
          <reporter-output>
          </reporter-output>
        </test-method> <!-- browserLaunchAndUrlLoad -->
        <test-method signature="Logouttest()[pri:0, instance:tests.LogoutTest@247bddad]" started-at="2025-08-08T12:53:57 IST" name="Logouttest" finished-at="2025-08-08T12:54:00 IST" duration-ms="2968" status="PASS">
          <reporter-output>
          </reporter-output>
        </test-method> <!-- Logouttest -->
        <test-method is-config="true" signature="teardown()[pri:0, instance:tests.LogoutTest@247bddad]" started-at="2025-08-08T12:54:00 IST" name="teardown" finished-at="2025-08-08T12:54:00 IST" duration-ms="2" status="PASS">
          <reporter-output>
          </reporter-output>
        </test-method> <!-- teardown -->
        <test-method is-config="true" signature="closeReport()[pri:0, instance:tests.LogoutTest@247bddad]" started-at="2025-08-08T12:54:00 IST" name="closeReport" finished-at="2025-08-08T12:54:01 IST" duration-ms="382" status="PASS">
          <reporter-output>
          </reporter-output>
        </test-method> <!-- closeReport -->
      </class> <!-- tests.LogoutTest -->
    </test> <!-- Test -->
  </suite> <!-- Suite -->
</testng-results>
